Determining if the pthread_create exist failed with the following output:
Change Dir: /home/anyone/catkin_ws_trevor/src/traditional_stereo_ros/build/CMakeFiles/CMakeTmp

Run Build Command:"/usr/bin/make" "cmTC_64e3f/fast"
/usr/bin/make -f CMakeFiles/cmTC_64e3f.dir/build.make CMakeFiles/cmTC_64e3f.dir/build
make[1]: Entering directory '/home/anyone/catkin_ws_trevor/src/traditional_stereo_ros/build/CMakeFiles/CMakeTmp'
Building C object CMakeFiles/cmTC_64e3f.dir/CheckSymbolExists.c.o
/usr/bin/gcc-7    -o CMakeFiles/cmTC_64e3f.dir/CheckSymbolExists.c.o   -c /home/anyone/catkin_ws_trevor/src/traditional_stereo_ros/build/CMakeFiles/CMakeTmp/CheckSymbolExists.c
Linking C executable cmTC_64e3f
/usr/bin/cmake -E cmake_link_script CMakeFiles/cmTC_64e3f.dir/link.txt --verbose=1
/usr/bin/gcc-7      -rdynamic CMakeFiles/cmTC_64e3f.dir/CheckSymbolExists.c.o  -o cmTC_64e3f 
CMakeFiles/cmTC_64e3f.dir/CheckSymbolExists.c.o: In function `main':
CheckSymbolExists.c:(.text+0x1b): undefined reference to `pthread_create'
collect2: error: ld returned 1 exit status
CMakeFiles/cmTC_64e3f.dir/build.make:97: recipe for target 'cmTC_64e3f' failed
make[1]: *** [cmTC_64e3f] Error 1
make[1]: Leaving directory '/home/anyone/catkin_ws_trevor/src/traditional_stereo_ros/build/CMakeFiles/CMakeTmp'
Makefile:126: recipe for target 'cmTC_64e3f/fast' failed
make: *** [cmTC_64e3f/fast] Error 2

File /home/anyone/catkin_ws_trevor/src/traditional_stereo_ros/build/CMakeFiles/CMakeTmp/CheckSymbolExists.c:
/* */
#include <pthread.h>

int main(int argc, char** argv)
{
  (void)argv;
#ifndef pthread_create
  return ((int*)(&pthread_create))[argc];
#else
  (void)argc;
  return 0;
#endif
}

Determining if the function pthread_create exists in the pthreads failed with the following output:
Change Dir: /home/anyone/catkin_ws_trevor/src/traditional_stereo_ros/build/CMakeFiles/CMakeTmp

Run Build Command:"/usr/bin/make" "cmTC_314b6/fast"
/usr/bin/make -f CMakeFiles/cmTC_314b6.dir/build.make CMakeFiles/cmTC_314b6.dir/build
make[1]: Entering directory '/home/anyone/catkin_ws_trevor/src/traditional_stereo_ros/build/CMakeFiles/CMakeTmp'
Building C object CMakeFiles/cmTC_314b6.dir/CheckFunctionExists.c.o
/usr/bin/gcc-7   -DCHECK_FUNCTION_EXISTS=pthread_create   -o CMakeFiles/cmTC_314b6.dir/CheckFunctionExists.c.o   -c /usr/share/cmake-3.10/Modules/CheckFunctionExists.c
Linking C executable cmTC_314b6
/usr/bin/cmake -E cmake_link_script CMakeFiles/cmTC_314b6.dir/link.txt --verbose=1
/usr/bin/gcc-7  -DCHECK_FUNCTION_EXISTS=pthread_create    -rdynamic CMakeFiles/cmTC_314b6.dir/CheckFunctionExists.c.o  -o cmTC_314b6 -lpthreads 
/usr/bin/ld: cannot find -lpthreads
collect2: error: ld returned 1 exit status
CMakeFiles/cmTC_314b6.dir/build.make:97: recipe for target 'cmTC_314b6' failed
make[1]: *** [cmTC_314b6] Error 1
make[1]: Leaving directory '/home/anyone/catkin_ws_trevor/src/traditional_stereo_ros/build/CMakeFiles/CMakeTmp'
Makefile:126: recipe for target 'cmTC_314b6/fast' failed
make: *** [cmTC_314b6/fast] Error 2


